Assembler report for soc_system
Sun May 11 19:10:19 2025
Quartus Prime Version 21.1.0 Build 842 10/21/2021 SJ Lite Edition


---------------------
; Table of Contents ;
---------------------
  1. Legal Notice
  2. Assembler Summary
  3. Assembler Settings
  4. Assembler Generated Files
  5. Assembler Device Options: soc_system.sof
  6. Assembler Messages



----------------
; Legal Notice ;
----------------
Copyright (C) 2021  Intel Corporation. All rights reserved.
Your use of Intel Corporation's design tools, logic functions 
and other software and tools, and any partner logic 
functions, and any output files from any of the foregoing 
(including device programming or simulation files), and any 
associated documentation or information are expressly subject 
to the terms and conditions of the Intel Program License 
Subscription Agreement, the Intel Quartus Prime License Agreement,
the Intel FPGA IP License Agreement, or other applicable license
agreement, including, without limitation, that your use is for
the sole purpose of programming logic devices manufactured by
Intel and sold by Intel or its authorized distributors.  Please
refer to the applicable agreement for further details, at
https://fpgasoftware.intel.com/eula.



+---------------------------------------------------------------+
; Assembler Summary                                             ;
+-----------------------+---------------------------------------+
; Assembler Status      ; Successful - Sun May 11 19:10:19 2025 ;
; Revision Name         ; soc_system                            ;
; Top-level Entity Name ; soc_system_top                        ;
; Family                ; Cyclone V                             ;
; Device                ; 5CSEMA5F31C6                          ;
+-----------------------+---------------------------------------+


+----------------------------------+
; Assembler Settings               ;
+--------+---------+---------------+
; Option ; Setting ; Default Value ;
+--------+---------+---------------+


+---------------------------------------------------------------------------------------+
; Assembler Generated Files                                                             ;
+---------------------------------------------------------------------------------------+
; File Name                                                                             ;
+---------------------------------------------------------------------------------------+
; /homes/user/stud/spring25/zx2507/4840-Flappy-Bird/lab3-hw/output_files/soc_system.sof ;
+---------------------------------------------------------------------------------------+


+------------------------------------------+
; Assembler Device Options: soc_system.sof ;
+----------------+-------------------------+
; Option         ; Setting                 ;
+----------------+-------------------------+
; JTAG usercode  ; 0x04784A73              ;
; Checksum       ; 0x04784A73              ;
+----------------+-------------------------+


+--------------------+
; Assembler Messages ;
+--------------------+
Info: *******************************************************************
Info: Running Quartus Prime Assembler
    Info: Version 21.1.0 Build 842 10/21/2021 SJ Lite Edition
    Info: Processing started: Sun May 11 19:10:09 2025
Info: Command: quartus_asm --read_settings_files=off --write_settings_files=off soc_system -c soc_system
Warning (125092): Tcl Script File pipe.qip not found
    Info (125063): set_global_assignment -name QIP_FILE pipe.qip
Info (115030): Assembler is generating device programming files
Info (11878): Hard Processor Subsystem configuration has not changed and a Preloader software update is not required
Info: Quartus Prime Assembler was successful. 0 errors, 1 warning
    Info: Peak virtual memory: 892 megabytes
    Info: Processing ended: Sun May 11 19:10:20 2025
    Info: Elapsed time: 00:00:11
    Info: Total CPU time (on all processors): 00:00:07


